<?xml version="1.0" encoding="UTF-8"?>
<testsuite xmlns:xsi="http://www.w3.org/2001/XMLSchema-instance" xsi:noNamespaceSchemaLocation="https://maven.apache.org/surefire/maven-surefire-plugin/xsd/surefire-test-report-3.0.xsd" version="3.0" name="nl.kmc.storage.sqlite.SQLitePlayerRepositoryTest" time="0.189" tests="6" errors="0" skipped="0" failures="0">
  <properties>
[...]
</properties>
  <testcase name="find_by_id_returns_empty_for_unknown_uuid" classname="nl.kmc.storage.sqlite.SQLitePlayerRepositoryTest" time="0.036">
    <system-err><![CDATA[jun 04, 2026 2:59:26 P.M. nl.kmc.storage.sqlite.SQLiteDataSource connect
INFO: [KMC/Storage] Connected to test.db
jun 04, 2026 2:59:26 P.M. nl.kmc.storage.sqlite.SQLiteMigrationRunner run
INFO: [KMC/Storage] Schema version: 0
jun 04, 2026 2:59:26 P.M. nl.kmc.storage.sqlite.SQLiteMigrationRunner migration1
INFO: [KMC/Storage] Running migration 1: core tables
jun 04, 2026 2:59:26 P.M. nl.kmc.storage.sqlite.SQLiteMigrationRunner migration2
INFO: [KMC/Storage] Running migration 2: achievements + snapshots
jun 04, 2026 2:59:26 P.M. nl.kmc.storage.sqlite.SQLiteMigrationRunner migration3
INFO: [KMC/Storage] Running migration 3: indexes
jun 04, 2026 2:59:26 P.M. nl.kmc.storage.sqlite.SQLiteMigrationRunner migration4
INFO: [KMC/Storage] Running migration 4: achievement indexes
jun 04, 2026 2:59:26 P.M. nl.kmc.storage.sqlite.SQLiteMigrationRunner migration5
INFO: [KMC/Storage] Running migration 5: query-path indexes
jun 04, 2026 2:59:26 P.M. nl.kmc.storage.sqlite.SQLiteMigrationRunner run
INFO: [KMC/Storage] Migrations complete (version 5).
jun 04, 2026 2:59:26 P.M. nl.kmc.storage.sqlite.SQLiteDataSource disconnect
INFO: [KMC/Storage] Database connection closed.
]]></system-err>
  </testcase>
  <testcase name="wins_per_game_roundtrips" classname="nl.kmc.storage.sqlite.SQLitePlayerRepositoryTest" time="0.035">
    <system-err><![CDATA[jun 04, 2026 2:59:26 P.M. nl.kmc.storage.sqlite.SQLiteDataSource connect
INFO: [KMC/Storage] Connected to test.db
jun 04, 2026 2:59:26 P.M. nl.kmc.storage.sqlite.SQLiteMigrationRunner run
INFO: [KMC/Storage] Schema version: 0
jun 04, 2026 2:59:26 P.M. nl.kmc.storage.sqlite.SQLiteMigrationRunner migration1
INFO: [KMC/Storage] Running migration 1: core tables
jun 04, 2026 2:59:26 P.M. nl.kmc.storage.sqlite.SQLiteMigrationRunner migration2
INFO: [KMC/Storage] Running migration 2: achievements + snapshots
jun 04, 2026 2:59:26 P.M. nl.kmc.storage.sqlite.SQLiteMigrationRunner migration3
INFO: [KMC/Storage] Running migration 3: indexes
jun 04, 2026 2:59:26 P.M. nl.kmc.storage.sqlite.SQLiteMigrationRunner migration4
INFO: [KMC/Storage] Running migration 4: achievement indexes
jun 04, 2026 2:59:26 P.M. nl.kmc.storage.sqlite.SQLiteMigrationRunner migration5
INFO: [KMC/Storage] Running migration 5: query-path indexes
jun 04, 2026 2:59:26 P.M. nl.kmc.storage.sqlite.SQLiteMigrationRunner run
INFO: [KMC/Storage] Migrations complete (version 5).
jun 04, 2026 2:59:26 P.M. nl.kmc.storage.sqlite.SQLiteDataSource disconnect
INFO: [KMC/Storage] Database connection closed.
]]></system-err>
  </testcase>
  <testcase name="upsert_updates_existing_player" classname="nl.kmc.storage.sqlite.SQLitePlayerRepositoryTest" time="0.027">
    <system-err><![CDATA[jun 04, 2026 2:59:26 P.M. nl.kmc.storage.sqlite.SQLiteDataSource connect
INFO: [KMC/Storage] Connected to test.db
jun 04, 2026 2:59:26 P.M. nl.kmc.storage.sqlite.SQLiteMigrationRunner run
INFO: [KMC/Storage] Schema version: 0
jun 04, 2026 2:59:26 P.M. nl.kmc.storage.sqlite.SQLiteMigrationRunner migration1
INFO: [KMC/Storage] Running migration 1: core tables
jun 04, 2026 2:59:26 P.M. nl.kmc.storage.sqlite.SQLiteMigrationRunner migration2
INFO: [KMC/Storage] Running migration 2: achievements + snapshots
jun 04, 2026 2:59:26 P.M. nl.kmc.storage.sqlite.SQLiteMigrationRunner migration3
INFO: [KMC/Storage] Running migration 3: indexes
jun 04, 2026 2:59:26 P.M. nl.kmc.storage.sqlite.SQLiteMigrationRunner migration4
INFO: [KMC/Storage] Running migration 4: achievement indexes
jun 04, 2026 2:59:26 P.M. nl.kmc.storage.sqlite.SQLiteMigrationRunner migration5
INFO: [KMC/Storage] Running migration 5: query-path indexes
jun 04, 2026 2:59:26 P.M. nl.kmc.storage.sqlite.SQLiteMigrationRunner run
INFO: [KMC/Storage] Migrations complete (version 5).
jun 04, 2026 2:59:26 P.M. nl.kmc.storage.sqlite.SQLiteDataSource disconnect
INFO: [KMC/Storage] Database connection closed.
]]></system-err>
  </testcase>
  <testcase name="leaderboard_is_sorted_descending" classname="nl.kmc.storage.sqlite.SQLitePlayerRepositoryTest" time="0.032">
    <system-err><![CDATA[jun 04, 2026 2:59:26 P.M. nl.kmc.storage.sqlite.SQLiteDataSource connect
INFO: [KMC/Storage] Connected to test.db
jun 04, 2026 2:59:26 P.M. nl.kmc.storage.sqlite.SQLiteMigrationRunner run
INFO: [KMC/Storage] Schema version: 0
jun 04, 2026 2:59:26 P.M. nl.kmc.storage.sqlite.SQLiteMigrationRunner migration1
INFO: [KMC/Storage] Running migration 1: core tables
jun 04, 2026 2:59:26 P.M. nl.kmc.storage.sqlite.SQLiteMigrationRunner migration2
INFO: [KMC/Storage] Running migration 2: achievements + snapshots
jun 04, 2026 2:59:26 P.M. nl.kmc.storage.sqlite.SQLiteMigrationRunner migration3
INFO: [KMC/Storage] Running migration 3: indexes
jun 04, 2026 2:59:26 P.M. nl.kmc.storage.sqlite.SQLiteMigrationRunner migration4
INFO: [KMC/Storage] Running migration 4: achievement indexes
jun 04, 2026 2:59:26 P.M. nl.kmc.storage.sqlite.SQLiteMigrationRunner migration5
INFO: [KMC/Storage] Running migration 5: query-path indexes
jun 04, 2026 2:59:26 P.M. nl.kmc.storage.sqlite.SQLiteMigrationRunner run
INFO: [KMC/Storage] Migrations complete (version 5).
jun 04, 2026 2:59:26 P.M. nl.kmc.storage.sqlite.SQLiteDataSource disconnect
INFO: [KMC/Storage] Database connection closed.
]]></system-err>
  </testcase>
  <testcase name="soft_reset_zeroes_tournament_stats" classname="nl.kmc.storage.sqlite.SQLitePlayerRepositoryTest" time="0.026">
    <system-err><![CDATA[jun 04, 2026 2:59:26 P.M. nl.kmc.storage.sqlite.SQLiteDataSource connect
INFO: [KMC/Storage] Connected to test.db
jun 04, 2026 2:59:26 P.M. nl.kmc.storage.sqlite.SQLiteMigrationRunner run
INFO: [KMC/Storage] Schema version: 0
jun 04, 2026 2:59:26 P.M. nl.kmc.storage.sqlite.SQLiteMigrationRunner migration1
INFO: [KMC/Storage] Running migration 1: core tables
jun 04, 2026 2:59:26 P.M. nl.kmc.storage.sqlite.SQLiteMigrationRunner migration2
INFO: [KMC/Storage] Running migration 2: achievements + snapshots
jun 04, 2026 2:59:26 P.M. nl.kmc.storage.sqlite.SQLiteMigrationRunner migration3
INFO: [KMC/Storage] Running migration 3: indexes
jun 04, 2026 2:59:26 P.M. nl.kmc.storage.sqlite.SQLiteMigrationRunner migration4
INFO: [KMC/Storage] Running migration 4: achievement indexes
jun 04, 2026 2:59:26 P.M. nl.kmc.storage.sqlite.SQLiteMigrationRunner migration5
INFO: [KMC/Storage] Running migration 5: query-path indexes
jun 04, 2026 2:59:26 P.M. nl.kmc.storage.sqlite.SQLiteMigrationRunner run
INFO: [KMC/Storage] Migrations complete (version 5).
jun 04, 2026 2:59:26 P.M. nl.kmc.storage.sqlite.SQLiteDataSource disconnect
INFO: [KMC/Storage] Database connection closed.
]]></system-err>
  </testcase>
  <testcase name="save_and_find_player" classname="nl.kmc.storage.sqlite.SQLitePlayerRepositoryTest" time="0.026">
    <system-err><![CDATA[jun 04, 2026 2:59:26 P.M. nl.kmc.storage.sqlite.SQLiteDataSource connect
INFO: [KMC/Storage] Connected to test.db
jun 04, 2026 2:59:26 P.M. nl.kmc.storage.sqlite.SQLiteMigrationRunner run
INFO: [KMC/Storage] Schema version: 0
jun 04, 2026 2:59:26 P.M. nl.kmc.storage.sqlite.SQLiteMigrationRunner migration1
INFO: [KMC/Storage] Running migration 1: core tables
jun 04, 2026 2:59:26 P.M. nl.kmc.storage.sqlite.SQLiteMigrationRunner migration2
INFO: [KMC/Storage] Running migration 2: achievements + snapshots
jun 04, 2026 2:59:26 P.M. nl.kmc.storage.sqlite.SQLiteMigrationRunner migration3
INFO: [KMC/Storage] Running migration 3: indexes
jun 04, 2026 2:59:26 P.M. nl.kmc.storage.sqlite.SQLiteMigrationRunner migration4
INFO: [KMC/Storage] Running migration 4: achievement indexes
jun 04, 2026 2:59:26 P.M. nl.kmc.storage.sqlite.SQLiteMigrationRunner migration5
INFO: [KMC/Storage] Running migration 5: query-path indexes
jun 04, 2026 2:59:26 P.M. nl.kmc.storage.sqlite.SQLiteMigrationRunner run
INFO: [KMC/Storage] Migrations complete (version 5).
jun 04, 2026 2:59:26 P.M. nl.kmc.storage.sqlite.SQLiteDataSource disconnect
INFO: [KMC/Storage] Database connection closed.
]]></system-err>
  </testcase>
</testsuite>