<?xml version="1.0" encoding="UTF-8"?>
<testsuite xmlns:xsi="http://www.w3.org/2001/XMLSchema-instance" xsi:noNamespaceSchemaLocation="https://maven.apache.org/surefire/maven-surefire-plugin/xsd/surefire-test-report-3.0.xsd" version="3.0" name="nl.kmc.game.api.GameStateTest" time="0.307" tests="4" errors="0" skipped="0" failures="0">
  <properties>
[...]
</properties>
  <testcase name="pvp_active_only_in_active_and_deathmatch" classname="nl.kmc.game.api.GameStateTest" time="0.12"/>
  <testcase name="ended_is_over" classname="nl.kmc.game.api.GameStateTest" time="0.003"/>
  <testcase name="idle_is_idle" classname="nl.kmc.game.api.GameStateTest" time="0.002"/>
  <testcase name="running_states_are_correct" classname="nl.kmc.game.api.GameStateTest" time="0.006"/>
</testsuite>